0 info it worked if it ends with ok
1 verbose cli [ '/usr/bin/nodejs', '/usr/bin/npm', 'install', 'ngCloak' ]
2 info using npm@2.15.1
3 info using node@v4.4.4
4 verbose install initial load of /home/magda/Documents/MyProjects/ionic_fix/MadReceipt/package.json
5 warn package.json madreceipt@1.1.1 No repository field.
6 warn package.json madreceipt@1.1.1 No README data
7 warn package.json madreceipt@1.1.1 No license field.
8 verbose installManyTop reading scoped package data from /home/magda/Documents/MyProjects/ionic_fix/MadReceipt/node_modules/q/package.json
9 info package.json q@1.4.1 license should be a valid SPDX license expression
10 verbose readDependencies loading dependencies from /home/magda/Documents/MyProjects/ionic_fix/MadReceipt/package.json
11 silly cache add args [ 'ngCloak', null ]
12 verbose cache add spec ngCloak
13 silly cache add parsed spec Result {
13 silly cache add   raw: 'ngCloak',
13 silly cache add   scope: null,
13 silly cache add   name: 'ngCloak',
13 silly cache add   rawSpec: '',
13 silly cache add   spec: 'latest',
13 silly cache add   type: 'tag' }
14 silly addNamed ngCloak@latest
15 verbose addNamed "latest" is being treated as a dist-tag for ngCloak
16 info addNameTag [ 'ngCloak', 'latest' ]
17 silly mapToRegistry name ngCloak
18 silly mapToRegistry using default registry
19 silly mapToRegistry registry https://registry.npmjs.org/
20 silly mapToRegistry data Result {
20 silly mapToRegistry   raw: 'ngCloak',
20 silly mapToRegistry   scope: null,
20 silly mapToRegistry   name: 'ngCloak',
20 silly mapToRegistry   rawSpec: '',
20 silly mapToRegistry   spec: 'latest',
20 silly mapToRegistry   type: 'tag' }
21 silly mapToRegistry uri https://registry.npmjs.org/ngCloak
22 verbose addNameTag registry:https://registry.npmjs.org/ngCloak not in flight; fetching
23 verbose request uri https://registry.npmjs.org/ngCloak
24 verbose request no auth needed
25 info attempt registry request try #1 at 2:17:26 PM
26 verbose request id 10acd65f5ef83f51
27 http request GET https://registry.npmjs.org/ngCloak
28 http 404 https://registry.npmjs.org/ngCloak
29 verbose headers { 'content-type': 'application/json',
29 verbose headers   'cache-control': 'max-age=0',
29 verbose headers   'content-length': '2',
29 verbose headers   'accept-ranges': 'bytes',
29 verbose headers   date: 'Sat, 11 Jun 2016 12:17:27 GMT',
29 verbose headers   via: '1.1 varnish',
29 verbose headers   age: '0',
29 verbose headers   connection: 'keep-alive',
29 verbose headers   'x-served-by': 'cache-fra1237-FRA',
29 verbose headers   'x-cache': 'MISS',
29 verbose headers   'x-cache-hits': '0',
29 verbose headers   'x-timer': 'S1465647447.158445,VS0,VE425',
29 verbose headers   vary: 'Accept-Encoding' }
30 silly get cb [ 404,
30 silly get   { 'content-type': 'application/json',
30 silly get     'cache-control': 'max-age=0',
30 silly get     'content-length': '2',
30 silly get     'accept-ranges': 'bytes',
30 silly get     date: 'Sat, 11 Jun 2016 12:17:27 GMT',
30 silly get     via: '1.1 varnish',
30 silly get     age: '0',
30 silly get     connection: 'keep-alive',
30 silly get     'x-served-by': 'cache-fra1237-FRA',
30 silly get     'x-cache': 'MISS',
30 silly get     'x-cache-hits': '0',
30 silly get     'x-timer': 'S1465647447.158445,VS0,VE425',
30 silly get     vary: 'Accept-Encoding' } ]
31 verbose stack Error: Registry returned 404 for GET on https://registry.npmjs.org/ngCloak
31 verbose stack     at makeError (/usr/lib/node_modules/npm/node_modules/npm-registry-client/lib/request.js:264:12)
31 verbose stack     at CachingRegistryClient.<anonymous> (/usr/lib/node_modules/npm/node_modules/npm-registry-client/lib/request.js:242:14)
31 verbose stack     at Request._callback (/usr/lib/node_modules/npm/node_modules/npm-registry-client/lib/request.js:172:14)
31 verbose stack     at Request.self.callback (/usr/lib/node_modules/npm/node_modules/request/request.js:199:22)
31 verbose stack     at emitTwo (events.js:87:13)
31 verbose stack     at Request.emit (events.js:172:7)
31 verbose stack     at Request.<anonymous> (/usr/lib/node_modules/npm/node_modules/request/request.js:1036:10)
31 verbose stack     at emitOne (events.js:82:20)
31 verbose stack     at Request.emit (events.js:169:7)
31 verbose stack     at IncomingMessage.<anonymous> (/usr/lib/node_modules/npm/node_modules/request/request.js:963:12)
32 verbose statusCode 404
33 verbose pkgid ngCloak
34 verbose cwd /home/magda/Documents/MyProjects/ionic_fix/MadReceipt
35 error Linux 3.19.0-59-generic
36 error argv "/usr/bin/nodejs" "/usr/bin/npm" "install" "ngCloak"
37 error node v4.4.4
38 error npm  v2.15.1
39 error code E404
40 error 404 Registry returned 404 for GET on https://registry.npmjs.org/ngCloak
40 error 404
40 error 404 'ngCloak' is not in the npm registry.
40 error 404 Your package name is not valid, because
40 error 404
40 error 404  1. name can no longer contain capital letters
40 error 404 It was specified as a dependency of 'madreceipt'
40 error 404
40 error 404 Note that you can also install from a
40 error 404 tarball, folder, http url, or git url.
41 verbose exit [ 1, true ]
